# JRE version: OpenJDK Runtime Environment (8.0_112-b06) (build 1.8.0_112-release-b06)
# Java VM: OpenJDK 64-Bit Server VM (25.112-b06 mixed mode windows-amd64 compressed oops)
Heap:
 PSYoungGen      total 343040K, used 36087K [0x00000000e0000000, 0x00000000f8580000, 0x0000000100000000)
  eden space 313856K, 2% used [0x00000000e0000000,0x00000000e071f508,0x00000000f3280000)
  from space 29184K, 98% used [0x00000000f6900000,0x00000000f851e9c8,0x00000000f8580000)
  to   space 40448K, 0% used [0x00000000f3680000,0x00000000f3680000,0x00000000f5e00000)
 ParOldGen       total 152576K, used 70258K [0x00000000a0000000, 0x00000000a9500000, 0x00000000e0000000)
  object space 152576K, 46% used [0x00000000a0000000,0x00000000a449c8f0,0x00000000a9500000)
 Metaspace       used 74582K, capacity 80700K, committed 80856K, reserved 1120256K
  class space    used 9601K, capacity 10461K, committed 10496K, reserved 1048576K
GC Heap History (10 events):
Event: 4398.422 GC heap before
{Heap before GC invocations=29 (full 3):
 PSYoungGen      total 389120K, used 388738K [0x00000000e0000000, 0x00000000fbb00000, 0x0000000100000000)
  eden space 381952K, 100% used [0x00000000e0000000,0x00000000f7500000,0x00000000f7500000)
  from space 7168K, 94% used [0x00000000f8480000,0x00000000f8b20840,0x00000000f8b80000)
  to   space 34816K, 0% used [0x00000000f9900000,0x00000000f9900000,0x00000000fbb00000)
 ParOldGen       total 152576K, used 64981K [0x00000000a0000000, 0x00000000a9500000, 0x00000000e0000000)
  object space 152576K, 42% used [0x00000000a0000000,0x00000000a3f755c8,0x00000000a9500000)
 Metaspace       used 72085K, capacity 77088K, committed 77400K, reserved 1116160K
  class space    used 9267K, capacity 10001K, committed 10112K, reserved 1048576K
Event: 4398.434 GC heap after
Heap after GC invocations=29 (full 3):
 PSYoungGen      total 382976K, used 6854K [0x00000000e0000000, 0x00000000fa880000, 0x0000000100000000)
  eden space 367104K, 0% used [0x00000000e0000000,0x00000000e0000000,0x00000000f6680000)
  from space 15872K, 43% used [0x00000000f9900000,0x00000000f9fb1858,0x00000000fa880000)
  to   space 33792K, 0% used [0x00000000f6680000,0x00000000f6680000,0x00000000f8780000)
 ParOldGen       total 152576K, used 64989K [0x00000000a0000000, 0x00000000a9500000, 0x00000000e0000000)
  object space 152576K, 42% used [0x00000000a0000000,0x00000000a3f775c8,0x00000000a9500000)
 Metaspace       used 72085K, capacity 77088K, committed 77400K, reserved 1116160K
  class space    used 9267K, capacity 10001K, committed 10112K, reserved 1048576K
}
Event: 4402.249 GC heap before
{Heap before GC invocations=30 (full 3):
 PSYoungGen      total 382976K, used 373409K [0x00000000e0000000, 0x00000000fa880000, 0x0000000100000000)
  eden space 367104K, 99% used [0x00000000e0000000,0x00000000f65f6e80,0x00000000f6680000)
  from space 15872K, 43% used [0x00000000f9900000,0x00000000f9fb1858,0x00000000fa880000)
  to   space 33792K, 0% used [0x00000000f6680000,0x00000000f6680000,0x00000000f8780000)
 ParOldGen       total 152576K, used 64989K [0x00000000a0000000, 0x00000000a9500000, 0x00000000e0000000)
  object space 152576K, 42% used [0x00000000a0000000,0x00000000a3f775c8,0x00000000a9500000)
 Metaspace       used 72765K, capacity 78348K, committed 78552K, reserved 1118208K
  class space    used 9363K, capacity 10179K, committed 10240K, reserved 1048576K
Event: 4402.268 GC heap after
Heap after GC invocations=30 (full 3):
 PSYoungGen      total 366080K, used 12996K [0x00000000e0000000, 0x00000000f9980000, 0x0000000100000000)
  eden space 352768K, 0% used [0x00000000e0000000,0x00000000e0000000,0x00000000f5880000)
  from space 13312K, 97% used [0x00000000f6680000,0x00000000f7331238,0x00000000f7380000)
  to   space 31744K, 0% used [0x00000000f7a80000,0x00000000f7a80000,0x00000000f9980000)
 ParOldGen       total 152576K, used 64989K [0x00000000a0000000, 0x00000000a9500000, 0x00000000e0000000)
  object space 152576K, 42% used [0x00000000a0000000,0x00000000a3f775c8,0x00000000a9500000)
 Metaspace       used 72765K, capacity 78348K, committed 78552K, reserved 1118208K
  class space    used 9363K, capacity 10179K, committed 10240K, reserved 1048576K
}
Event: 4772.627 GC heap before
{Heap before GC invocations=31 (full 3):
 PSYoungGen      total 366080K, used 365764K [0x00000000e0000000, 0x00000000f9980000, 0x0000000100000000)
  eden space 352768K, 100% used [0x00000000e0000000,0x00000000f5880000,0x00000000f5880000)
  from space 13312K, 97% used [0x00000000f6680000,0x00000000f7331238,0x00000000f7380000)
  to   space 31744K, 0% used [0x00000000f7a80000,0x00000000f7a80000,0x00000000f9980000)
 ParOldGen       total 152576K, used 64989K [0x00000000a0000000, 0x00000000a9500000, 0x00000000e0000000)
  object space 152576K, 42% used [0x00000000a0000000,0x00000000a3f775c8,0x00000000a9500000)
 Metaspace       used 72937K, capacity 78642K, committed 78808K, reserved 1118208K
  class space    used 9379K, capacity 10200K, committed 10240K, reserved 1048576K
Event: 4772.647 GC heap after
Heap after GC invocations=31 (full 3):
 PSYoungGen      total 351744K, used 8191K [0x00000000e0000000, 0x00000000f8700000, 0x0000000100000000)
  eden space 338944K, 0% used [0x00000000e0000000,0x00000000e0000000,0x00000000f4b00000)
  from space 12800K, 63% used [0x00000000f7a80000,0x00000000f827fcd8,0x00000000f8700000)
  to   space 30720K, 0% used [0x00000000f4b00000,0x00000000f4b00000,0x00000000f6900000)
 ParOldGen       total 152576K, used 64997K [0x00000000a0000000, 0x00000000a9500000, 0x00000000e0000000)
  object space 152576K, 42% used [0x00000000a0000000,0x00000000a3f795c8,0x00000000a9500000)
 Metaspace       used 72937K, capacity 78642K, committed 78808K, reserved 1118208K
  class space    used 9379K, capacity 10200K, committed 10240K, reserved 1048576K
}
Event: 5016.528 GC heap before
{Heap before GC invocations=32 (full 3):
 PSYoungGen      total 351744K, used 347135K [0x00000000e0000000, 0x00000000f8700000, 0x0000000100000000)
  eden space 338944K, 100% used [0x00000000e0000000,0x00000000f4b00000,0x00000000f4b00000)
  from space 12800K, 63% used [0x00000000f7a80000,0x00000000f827fcd8,0x00000000f8700000)
  to   space 30720K, 0% used [0x00000000f4b00000,0x00000000f4b00000,0x00000000f6900000)
 ParOldGen       total 152576K, used 64997K [0x00000000a0000000, 0x00000000a9500000, 0x00000000e0000000)
  object space 152576K, 42% used [0x00000000a0000000,0x00000000a3f795c8,0x00000000a9500000)
 Metaspace       used 73144K, capacity 78992K, committed 79064K, reserved 1118208K
  class space    used 9393K, capacity 10219K, committed 10240K, reserved 1048576K
Event: 5016.551 GC heap after
Heap after GC invocations=32 (full 3):
 PSYoungGen      total 356864K, used 30694K [0x00000000e0000000, 0x00000000f8780000, 0x0000000100000000)
  eden space 326144K, 0% used [0x00000000e0000000,0x00000000e0000000,0x00000000f3e80000)
  from space 30720K, 99% used [0x00000000f4b00000,0x00000000f68f9910,0x00000000f6900000)
  to   space 31232K, 0% used [0x00000000f6900000,0x00000000f6900000,0x00000000f8780000)
 ParOldGen       total 152576K, used 70018K [0x00000000a0000000, 0x00000000a9500000, 0x00000000e0000000)
  object space 152576K, 45% used [0x00000000a0000000,0x00000000a44608f0,0x00000000a9500000)
 Metaspace       used 73144K, capacity 78992K, committed 79064K, reserved 1118208K
  class space    used 9393K, capacity 10219K, committed 10240K, reserved 1048576K
}
Event: 5625.769 GC heap before
{Heap before GC invocations=33 (full 3):
 PSYoungGen      total 356864K, used 356838K [0x00000000e0000000, 0x00000000f8780000, 0x0000000100000000)
  eden space 326144K, 100% used [0x00000000e0000000,0x00000000f3e80000,0x00000000f3e80000)
  from space 30720K, 99% used [0x00000000f4b00000,0x00000000f68f9910,0x00000000f6900000)
  to   space 31232K, 0% used [0x00000000f6900000,0x00000000f6900000,0x00000000f8780000)
 ParOldGen       total 152576K, used 70018K [0x00000000a0000000, 0x00000000a9500000, 0x00000000e0000000)
  object space 152576K, 45% used [0x00000000a0000000,0x00000000a44608f0,0x00000000a9500000)
 Metaspace       used 74577K, capacity 80700K, committed 80856K, reserved 1120256K
  class space    used 9601K, capacity 10461K, committed 10496K, reserved 1048576K
Event: 5625.816 GC heap after
Heap after GC invocations=33 (full 3):
 PSYoungGen      total 343040K, used 28794K [0x00000000e0000000, 0x00000000f8580000, 0x0000000100000000)
  eden space 313856K, 0% used [0x00000000e0000000,0x00000000e0000000,0x00000000f3280000)
  from space 29184K, 98% used [0x00000000f6900000,0x00000000f851e9c8,0x00000000f8580000)
  to   space 40448K, 0% used [0x00000000f3680000,0x00000000f3680000,0x00000000f5e00000)
 ParOldGen       total 152576K, used 70258K [0x00000000a0000000, 0x00000000a9500000, 0x00000000e0000000)
  object space 152576K, 46% used [0x00000000a0000000,0x00000000a449c8f0,0x00000000a9500000)
 Metaspace       used 74577K, capacity 80700K, committed 80856K, reserved 1120256K
  class space    used 9601K, capacity 10461K, committed 10496K, reserved 1048576K
}

